CRITICAL - 2023-06-08 13:51:18 --> Class "Locale" not found
in SYSTEMPATH\I18n\TimeTrait.php on line 74.
 1 SYSTEMPATH\I18n\TimeTrait.php(115): CodeIgniter\I18n\Time->__construct(null, null, null)
 2 SYSTEMPATH\Security\Security.php(570): CodeIgniter\I18n\Time::now()
 3 SYSTEMPATH\Security\Security.php(543): CodeIgniter\Security\Security->saveHashInCookie()
 4 SYSTEMPATH\Security\Security.php(209): CodeIgniter\Security\Security->generateHash()
 5 SYSTEMPATH\Config\Services.php(630): CodeIgniter\Security\Security->__construct(Object(Config\App))
 6 SYSTEMPATH\Config\BaseService.php(252): CodeIgniter\Config\Services::security(Object(Config\App), false)
 7 SYSTEMPATH\Config\BaseService.php(193): CodeIgniter\Config\BaseService::__callStatic('security', [...])
 8 SYSTEMPATH\Config\Services.php(625): CodeIgniter\Config\BaseService::getSharedInstance('security', null)
 9 SYSTEMPATH\Config\BaseService.php(252): CodeIgniter\Config\Services::security()
10 SYSTEMPATH\Common.php(261): CodeIgniter\Config\BaseService::__callStatic('security', [])
11 SYSTEMPATH\Common.php(295): csrf_token()
12 APPPATH\Views\pages\home.php(31): csrf_field()
13 SYSTEMPATH\View\View.php(213): include('C:\\xampp\\htdocs\\my-crud\\app\\Views\\pages\\home.php')
14 SYSTEMPATH\View\View.php(216): CodeIgniter\View\View->CodeIgniter\View\{closure}()
15 SYSTEMPATH\Common.php(1184): CodeIgniter\View\View->render('pages/home', [], true)
16 APPPATH\Controllers\Book.php(20): view('pages/home', [...])
17 SYSTEMPATH\CodeIgniter.php(934): App\Controllers\Book->index()
18 SYSTEMPATH\CodeIgniter.php(499): CodeIgniter\CodeIgniter->runController(Object(App\Controllers\Book))
19 SYSTEMPATH\CodeIgniter.php(368): CodeIgniter\CodeIgniter->handleRequest(null, Object(Config\Cache), false)
20 FCPATH\index.php(67): CodeIgniter\CodeIgniter->run()
21 SYSTEMPATH\Commands\Server\rewrite.php(47): require_once('C:\\xampp\\htdocs\\my-crud\\public\\index.php')
ERROR - 2023-06-08 13:55:40 --> Error connecting to the database: ErrorException: mysqli::real_connect(): php_network_getaddresses: getaddrinfo failed: No such host is known.  in C:\xampp\htdocs\my-crud\system\Database\MySQLi\Connection.php:174
Stack trace:
#0 [internal function]: CodeIgniter\Debug\Exceptions->errorHandler(2, 'mysqli::real_co...', 'C:\\xampp\\htdocs...', 174)
#1 C:\xampp\htdocs\my-crud\system\Database\MySQLi\Connection.php(174): mysqli->real_connect('database', 'root', '12345', 'ci4_practice', 3306, '', 0)
#2 C:\xampp\htdocs\my-crud\system\Database\BaseConnection.php(391): CodeIgniter\Database\MySQLi\Connection->connect(false)
#3 C:\xampp\htdocs\my-crud\system\Database\BaseConnection.php(573): CodeIgniter\Database\BaseConnection->initialize()
#4 C:\xampp\htdocs\my-crud\system\Database\BaseBuilder.php(1616): CodeIgniter\Database\BaseConnection->query('SELECT *\nFROM `...', Array, false)
#5 C:\xampp\htdocs\my-crud\system\Model.php(241): CodeIgniter\Database\BaseBuilder->get()
#6 C:\xampp\htdocs\my-crud\system\BaseModel.php(618): CodeIgniter\Model->doFindAll(0, 0)
#7 C:\xampp\htdocs\my-crud\app\Models\BookModel.php(23): CodeIgniter\BaseModel->findAll()
#8 C:\xampp\htdocs\my-crud\app\Controllers\Book.php(27): App\Models\BookModel->getBook()
#9 C:\xampp\htdocs\my-crud\system\CodeIgniter.php(934): App\Controllers\Book->getBook()
#10 C:\xampp\htdocs\my-crud\system\CodeIgniter.php(499): CodeIgniter\CodeIgniter->runController(Object(App\Controllers\Book))
#11 C:\xampp\htdocs\my-crud\system\CodeIgniter.php(368): CodeIgniter\CodeIgniter->handleRequest(NULL, Object(Config\Cache), false)
#12 C:\xampp\htdocs\my-crud\public\index.php(67): CodeIgniter\CodeIgniter->run()
#13 C:\xampp\htdocs\my-crud\system\Commands\Server\rewrite.php(47): require_once('C:\\xampp\\htdocs...')
#14 {main}

Next mysqli_sql_exception: php_network_getaddresses: getaddrinfo failed: No such host is known.  in C:\xampp\htdocs\my-crud\system\Database\MySQLi\Connection.php:174
Stack trace:
#0 C:\xampp\htdocs\my-crud\system\Database\MySQLi\Connection.php(174): mysqli->real_connect('database', 'root', '12345', 'ci4_practice', 3306, '', 0)
#1 C:\xampp\htdocs\my-crud\system\Database\BaseConnection.php(391): CodeIgniter\Database\MySQLi\Connection->connect(false)
#2 C:\xampp\htdocs\my-crud\system\Database\BaseConnection.php(573): CodeIgniter\Database\BaseConnection->initialize()
#3 C:\xampp\htdocs\my-crud\system\Database\BaseBuilder.php(1616): CodeIgniter\Database\BaseConnection->query('SELECT *\nFROM `...', Array, false)
#4 C:\xampp\htdocs\my-crud\system\Model.php(241): CodeIgniter\Database\BaseBuilder->get()
#5 C:\xampp\htdocs\my-crud\system\BaseModel.php(618): CodeIgniter\Model->doFindAll(0, 0)
#6 C:\xampp\htdocs\my-crud\app\Models\BookModel.php(23): CodeIgniter\BaseModel->findAll()
#7 C:\xampp\htdocs\my-crud\app\Controllers\Book.php(27): App\Models\BookModel->getBook()
#8 C:\xampp\htdocs\my-crud\system\CodeIgniter.php(934): App\Controllers\Book->getBook()
#9 C:\xampp\htdocs\my-crud\system\CodeIgniter.php(499): CodeIgniter\CodeIgniter->runController(Object(App\Controllers\Book))
#10 C:\xampp\htdocs\my-crud\system\CodeIgniter.php(368): CodeIgniter\CodeIgniter->handleRequest(NULL, Object(Config\Cache), false)
#11 C:\xampp\htdocs\my-crud\public\index.php(67): CodeIgniter\CodeIgniter->run()
#12 C:\xampp\htdocs\my-crud\system\Commands\Server\rewrite.php(47): require_once('C:\\xampp\\htdocs...')
#13 {main}

Next CodeIgniter\Database\Exceptions\DatabaseException: php_network_getaddresses: getaddrinfo failed: No such host is known.  in C:\xampp\htdocs\my-crud\system\Database\MySQLi\Connection.php:218
Stack trace:
#0 C:\xampp\htdocs\my-crud\system\Database\BaseConnection.php(391): CodeIgniter\Database\MySQLi\Connection->connect(false)
#1 C:\xampp\htdocs\my-crud\system\Database\BaseConnection.php(573): CodeIgniter\Database\BaseConnection->initialize()
#2 C:\xampp\htdocs\my-crud\system\Database\BaseBuilder.php(1616): CodeIgniter\Database\BaseConnection->query('SELECT *\nFROM `...', Array, false)
#3 C:\xampp\htdocs\my-crud\system\Model.php(241): CodeIgniter\Database\BaseBuilder->get()
#4 C:\xampp\htdocs\my-crud\system\BaseModel.php(618): CodeIgniter\Model->doFindAll(0, 0)
#5 C:\xampp\htdocs\my-crud\app\Models\BookModel.php(23): CodeIgniter\BaseModel->findAll()
#6 C:\xampp\htdocs\my-crud\app\Controllers\Book.php(27): App\Models\BookModel->getBook()
#7 C:\xampp\htdocs\my-crud\system\CodeIgniter.php(934): App\Controllers\Book->getBook()
#8 C:\xampp\htdocs\my-crud\system\CodeIgniter.php(499): CodeIgniter\CodeIgniter->runController(Object(App\Controllers\Book))
#9 C:\xampp\htdocs\my-crud\system\CodeIgniter.php(368): CodeIgniter\CodeIgniter->handleRequest(NULL, Object(Config\Cache), false)
#10 C:\xampp\htdocs\my-crud\public\index.php(67): CodeIgniter\CodeIgniter->run()
#11 C:\xampp\htdocs\my-crud\system\Commands\Server\rewrite.php(47): require_once('C:\\xampp\\htdocs...')
#12 {main}
CRITICAL - 2023-06-08 13:55:40 --> Unable to connect to the database.
Main connection [MySQLi]: php_network_getaddresses: getaddrinfo failed: No such host is known. 
in SYSTEMPATH\Database\BaseConnection.php on line 427.
 1 SYSTEMPATH\Database\BaseConnection.php(573): CodeIgniter\Database\BaseConnection->initialize()
 2 SYSTEMPATH\Database\BaseBuilder.php(1616): CodeIgniter\Database\BaseConnection->query('SELECT *
FROM `book`', [], false)
 3 SYSTEMPATH\Model.php(241): CodeIgniter\Database\BaseBuilder->get()
 4 SYSTEMPATH\BaseModel.php(618): CodeIgniter\Model->doFindAll(0, 0)
 5 APPPATH\Models\BookModel.php(23): CodeIgniter\BaseModel->findAll()
 6 APPPATH\Controllers\Book.php(27): App\Models\BookModel->getBook()
 7 SYSTEMPATH\CodeIgniter.php(934): App\Controllers\Book->getBook()
 8 SYSTEMPATH\CodeIgniter.php(499): CodeIgniter\CodeIgniter->runController(Object(App\Controllers\Book))
 9 SYSTEMPATH\CodeIgniter.php(368): CodeIgniter\CodeIgniter->handleRequest(null, Object(Config\Cache), false)
10 FCPATH\index.php(67): CodeIgniter\CodeIgniter->run()
11 SYSTEMPATH\Commands\Server\rewrite.php(47): require_once('C:\\xampp\\htdocs\\my-crud\\public\\index.php')
ERROR - 2023-06-08 13:55:43 --> Error connecting to the database: ErrorException: mysqli::real_connect(): php_network_getaddresses: getaddrinfo failed: No such host is known.  in C:\xampp\htdocs\my-crud\system\Database\MySQLi\Connection.php:174
Stack trace:
#0 [internal function]: CodeIgniter\Debug\Exceptions->errorHandler(2, 'mysqli::real_co...', 'C:\\xampp\\htdocs...', 174)
#1 C:\xampp\htdocs\my-crud\system\Database\MySQLi\Connection.php(174): mysqli->real_connect('database', 'root', '12345', 'ci4_practice', 3306, '', 0)
#2 C:\xampp\htdocs\my-crud\system\Database\BaseConnection.php(391): CodeIgniter\Database\MySQLi\Connection->connect(false)
#3 C:\xampp\htdocs\my-crud\system\Database\BaseConnection.php(573): CodeIgniter\Database\BaseConnection->initialize()
#4 C:\xampp\htdocs\my-crud\system\Database\BaseBuilder.php(1616): CodeIgniter\Database\BaseConnection->query('SELECT *\nFROM `...', Array, false)
#5 C:\xampp\htdocs\my-crud\system\Model.php(241): CodeIgniter\Database\BaseBuilder->get()
#6 C:\xampp\htdocs\my-crud\system\BaseModel.php(618): CodeIgniter\Model->doFindAll(0, 0)
#7 C:\xampp\htdocs\my-crud\app\Models\BookModel.php(23): CodeIgniter\BaseModel->findAll()
#8 C:\xampp\htdocs\my-crud\app\Controllers\Book.php(27): App\Models\BookModel->getBook()
#9 C:\xampp\htdocs\my-crud\system\CodeIgniter.php(934): App\Controllers\Book->getBook()
#10 C:\xampp\htdocs\my-crud\system\CodeIgniter.php(499): CodeIgniter\CodeIgniter->runController(Object(App\Controllers\Book))
#11 C:\xampp\htdocs\my-crud\system\CodeIgniter.php(368): CodeIgniter\CodeIgniter->handleRequest(NULL, Object(Config\Cache), false)
#12 C:\xampp\htdocs\my-crud\public\index.php(67): CodeIgniter\CodeIgniter->run()
#13 C:\xampp\htdocs\my-crud\system\Commands\Server\rewrite.php(47): require_once('C:\\xampp\\htdocs...')
#14 {main}

Next mysqli_sql_exception: php_network_getaddresses: getaddrinfo failed: No such host is known.  in C:\xampp\htdocs\my-crud\system\Database\MySQLi\Connection.php:174
Stack trace:
#0 C:\xampp\htdocs\my-crud\system\Database\MySQLi\Connection.php(174): mysqli->real_connect('database', 'root', '12345', 'ci4_practice', 3306, '', 0)
#1 C:\xampp\htdocs\my-crud\system\Database\BaseConnection.php(391): CodeIgniter\Database\MySQLi\Connection->connect(false)
#2 C:\xampp\htdocs\my-crud\system\Database\BaseConnection.php(573): CodeIgniter\Database\BaseConnection->initialize()
#3 C:\xampp\htdocs\my-crud\system\Database\BaseBuilder.php(1616): CodeIgniter\Database\BaseConnection->query('SELECT *\nFROM `...', Array, false)
#4 C:\xampp\htdocs\my-crud\system\Model.php(241): CodeIgniter\Database\BaseBuilder->get()
#5 C:\xampp\htdocs\my-crud\system\BaseModel.php(618): CodeIgniter\Model->doFindAll(0, 0)
#6 C:\xampp\htdocs\my-crud\app\Models\BookModel.php(23): CodeIgniter\BaseModel->findAll()
#7 C:\xampp\htdocs\my-crud\app\Controllers\Book.php(27): App\Models\BookModel->getBook()
#8 C:\xampp\htdocs\my-crud\system\CodeIgniter.php(934): App\Controllers\Book->getBook()
#9 C:\xampp\htdocs\my-crud\system\CodeIgniter.php(499): CodeIgniter\CodeIgniter->runController(Object(App\Controllers\Book))
#10 C:\xampp\htdocs\my-crud\system\CodeIgniter.php(368): CodeIgniter\CodeIgniter->handleRequest(NULL, Object(Config\Cache), false)
#11 C:\xampp\htdocs\my-crud\public\index.php(67): CodeIgniter\CodeIgniter->run()
#12 C:\xampp\htdocs\my-crud\system\Commands\Server\rewrite.php(47): require_once('C:\\xampp\\htdocs...')
#13 {main}

Next CodeIgniter\Database\Exceptions\DatabaseException: php_network_getaddresses: getaddrinfo failed: No such host is known.  in C:\xampp\htdocs\my-crud\system\Database\MySQLi\Connection.php:218
Stack trace:
#0 C:\xampp\htdocs\my-crud\system\Database\BaseConnection.php(391): CodeIgniter\Database\MySQLi\Connection->connect(false)
#1 C:\xampp\htdocs\my-crud\system\Database\BaseConnection.php(573): CodeIgniter\Database\BaseConnection->initialize()
#2 C:\xampp\htdocs\my-crud\system\Database\BaseBuilder.php(1616): CodeIgniter\Database\BaseConnection->query('SELECT *\nFROM `...', Array, false)
#3 C:\xampp\htdocs\my-crud\system\Model.php(241): CodeIgniter\Database\BaseBuilder->get()
#4 C:\xampp\htdocs\my-crud\system\BaseModel.php(618): CodeIgniter\Model->doFindAll(0, 0)
#5 C:\xampp\htdocs\my-crud\app\Models\BookModel.php(23): CodeIgniter\BaseModel->findAll()
#6 C:\xampp\htdocs\my-crud\app\Controllers\Book.php(27): App\Models\BookModel->getBook()
#7 C:\xampp\htdocs\my-crud\system\CodeIgniter.php(934): App\Controllers\Book->getBook()
#8 C:\xampp\htdocs\my-crud\system\CodeIgniter.php(499): CodeIgniter\CodeIgniter->runController(Object(App\Controllers\Book))
#9 C:\xampp\htdocs\my-crud\system\CodeIgniter.php(368): CodeIgniter\CodeIgniter->handleRequest(NULL, Object(Config\Cache), false)
#10 C:\xampp\htdocs\my-crud\public\index.php(67): CodeIgniter\CodeIgniter->run()
#11 C:\xampp\htdocs\my-crud\system\Commands\Server\rewrite.php(47): require_once('C:\\xampp\\htdocs...')
#12 {main}
CRITICAL - 2023-06-08 13:55:43 --> Unable to connect to the database.
Main connection [MySQLi]: php_network_getaddresses: getaddrinfo failed: No such host is known. 
in SYSTEMPATH\Database\BaseConnection.php on line 427.
 1 SYSTEMPATH\Database\BaseConnection.php(573): CodeIgniter\Database\BaseConnection->initialize()
 2 SYSTEMPATH\Database\BaseBuilder.php(1616): CodeIgniter\Database\BaseConnection->query('SELECT *
FROM `book`', [], false)
 3 SYSTEMPATH\Model.php(241): CodeIgniter\Database\BaseBuilder->get()
 4 SYSTEMPATH\BaseModel.php(618): CodeIgniter\Model->doFindAll(0, 0)
 5 APPPATH\Models\BookModel.php(23): CodeIgniter\BaseModel->findAll()
 6 APPPATH\Controllers\Book.php(27): App\Models\BookModel->getBook()
 7 SYSTEMPATH\CodeIgniter.php(934): App\Controllers\Book->getBook()
 8 SYSTEMPATH\CodeIgniter.php(499): CodeIgniter\CodeIgniter->runController(Object(App\Controllers\Book))
 9 SYSTEMPATH\CodeIgniter.php(368): CodeIgniter\CodeIgniter->handleRequest(null, Object(Config\Cache), false)
10 FCPATH\index.php(67): CodeIgniter\CodeIgniter->run()
11 SYSTEMPATH\Commands\Server\rewrite.php(47): require_once('C:\\xampp\\htdocs\\my-crud\\public\\index.php')
ERROR - 2023-06-08 13:55:46 --> Error connecting to the database: ErrorException: mysqli::real_connect(): php_network_getaddresses: getaddrinfo failed: No such host is known.  in C:\xampp\htdocs\my-crud\system\Database\MySQLi\Connection.php:174
Stack trace:
#0 [internal function]: CodeIgniter\Debug\Exceptions->errorHandler(2, 'mysqli::real_co...', 'C:\\xampp\\htdocs...', 174)
#1 C:\xampp\htdocs\my-crud\system\Database\MySQLi\Connection.php(174): mysqli->real_connect('database', 'root', '12345', 'ci4_practice', 3306, '', 0)
#2 C:\xampp\htdocs\my-crud\system\Database\BaseConnection.php(391): CodeIgniter\Database\MySQLi\Connection->connect(false)
#3 C:\xampp\htdocs\my-crud\system\Database\BaseConnection.php(573): CodeIgniter\Database\BaseConnection->initialize()
#4 C:\xampp\htdocs\my-crud\system\Database\BaseBuilder.php(1616): CodeIgniter\Database\BaseConnection->query('SELECT *\nFROM `...', Array, false)
#5 C:\xampp\htdocs\my-crud\system\Model.php(241): CodeIgniter\Database\BaseBuilder->get()
#6 C:\xampp\htdocs\my-crud\system\BaseModel.php(618): CodeIgniter\Model->doFindAll(0, 0)
#7 C:\xampp\htdocs\my-crud\app\Controllers\Person.php(26): CodeIgniter\BaseModel->findAll()
#8 C:\xampp\htdocs\my-crud\system\CodeIgniter.php(934): App\Controllers\Person->getPerson()
#9 C:\xampp\htdocs\my-crud\system\CodeIgniter.php(499): CodeIgniter\CodeIgniter->runController(Object(App\Controllers\Person))
#10 C:\xampp\htdocs\my-crud\system\CodeIgniter.php(368): CodeIgniter\CodeIgniter->handleRequest(NULL, Object(Config\Cache), false)
#11 C:\xampp\htdocs\my-crud\public\index.php(67): CodeIgniter\CodeIgniter->run()
#12 C:\xampp\htdocs\my-crud\system\Commands\Server\rewrite.php(47): require_once('C:\\xampp\\htdocs...')
#13 {main}

Next mysqli_sql_exception: php_network_getaddresses: getaddrinfo failed: No such host is known.  in C:\xampp\htdocs\my-crud\system\Database\MySQLi\Connection.php:174
Stack trace:
#0 C:\xampp\htdocs\my-crud\system\Database\MySQLi\Connection.php(174): mysqli->real_connect('database', 'root', '12345', 'ci4_practice', 3306, '', 0)
#1 C:\xampp\htdocs\my-crud\system\Database\BaseConnection.php(391): CodeIgniter\Database\MySQLi\Connection->connect(false)
#2 C:\xampp\htdocs\my-crud\system\Database\BaseConnection.php(573): CodeIgniter\Database\BaseConnection->initialize()
#3 C:\xampp\htdocs\my-crud\system\Database\BaseBuilder.php(1616): CodeIgniter\Database\BaseConnection->query('SELECT *\nFROM `...', Array, false)
#4 C:\xampp\htdocs\my-crud\system\Model.php(241): CodeIgniter\Database\BaseBuilder->get()
#5 C:\xampp\htdocs\my-crud\system\BaseModel.php(618): CodeIgniter\Model->doFindAll(0, 0)
#6 C:\xampp\htdocs\my-crud\app\Controllers\Person.php(26): CodeIgniter\BaseModel->findAll()
#7 C:\xampp\htdocs\my-crud\system\CodeIgniter.php(934): App\Controllers\Person->getPerson()
#8 C:\xampp\htdocs\my-crud\system\CodeIgniter.php(499): CodeIgniter\CodeIgniter->runController(Object(App\Controllers\Person))
#9 C:\xampp\htdocs\my-crud\system\CodeIgniter.php(368): CodeIgniter\CodeIgniter->handleRequest(NULL, Object(Config\Cache), false)
#10 C:\xampp\htdocs\my-crud\public\index.php(67): CodeIgniter\CodeIgniter->run()
#11 C:\xampp\htdocs\my-crud\system\Commands\Server\rewrite.php(47): require_once('C:\\xampp\\htdocs...')
#12 {main}

Next CodeIgniter\Database\Exceptions\DatabaseException: php_network_getaddresses: getaddrinfo failed: No such host is known.  in C:\xampp\htdocs\my-crud\system\Database\MySQLi\Connection.php:218
Stack trace:
#0 C:\xampp\htdocs\my-crud\system\Database\BaseConnection.php(391): CodeIgniter\Database\MySQLi\Connection->connect(false)
#1 C:\xampp\htdocs\my-crud\system\Database\BaseConnection.php(573): CodeIgniter\Database\BaseConnection->initialize()
#2 C:\xampp\htdocs\my-crud\system\Database\BaseBuilder.php(1616): CodeIgniter\Database\BaseConnection->query('SELECT *\nFROM `...', Array, false)
#3 C:\xampp\htdocs\my-crud\system\Model.php(241): CodeIgniter\Database\BaseBuilder->get()
#4 C:\xampp\htdocs\my-crud\system\BaseModel.php(618): CodeIgniter\Model->doFindAll(0, 0)
#5 C:\xampp\htdocs\my-crud\app\Controllers\Person.php(26): CodeIgniter\BaseModel->findAll()
#6 C:\xampp\htdocs\my-crud\system\CodeIgniter.php(934): App\Controllers\Person->getPerson()
#7 C:\xampp\htdocs\my-crud\system\CodeIgniter.php(499): CodeIgniter\CodeIgniter->runController(Object(App\Controllers\Person))
#8 C:\xampp\htdocs\my-crud\system\CodeIgniter.php(368): CodeIgniter\CodeIgniter->handleRequest(NULL, Object(Config\Cache), false)
#9 C:\xampp\htdocs\my-crud\public\index.php(67): CodeIgniter\CodeIgniter->run()
#10 C:\xampp\htdocs\my-crud\system\Commands\Server\rewrite.php(47): require_once('C:\\xampp\\htdocs...')
#11 {main}
CRITICAL - 2023-06-08 13:55:46 --> Unable to connect to the database.
Main connection [MySQLi]: php_network_getaddresses: getaddrinfo failed: No such host is known. 
in SYSTEMPATH\Database\BaseConnection.php on line 427.
 1 SYSTEMPATH\Database\BaseConnection.php(573): CodeIgniter\Database\BaseConnection->initialize()
 2 SYSTEMPATH\Database\BaseBuilder.php(1616): CodeIgniter\Database\BaseConnection->query('SELECT *
FROM `person`', [], false)
 3 SYSTEMPATH\Model.php(241): CodeIgniter\Database\BaseBuilder->get()
 4 SYSTEMPATH\BaseModel.php(618): CodeIgniter\Model->doFindAll(0, 0)
 5 APPPATH\Controllers\Person.php(26): CodeIgniter\BaseModel->findAll()
 6 SYSTEMPATH\CodeIgniter.php(934): App\Controllers\Person->getPerson()
 7 SYSTEMPATH\CodeIgniter.php(499): CodeIgniter\CodeIgniter->runController(Object(App\Controllers\Person))
 8 SYSTEMPATH\CodeIgniter.php(368): CodeIgniter\CodeIgniter->handleRequest(null, Object(Config\Cache), false)
 9 FCPATH\index.php(67): CodeIgniter\CodeIgniter->run()
10 SYSTEMPATH\Commands\Server\rewrite.php(47): require_once('C:\\xampp\\htdocs\\my-crud\\public\\index.php')
ERROR - 2023-06-08 13:55:49 --> Error connecting to the database: ErrorException: mysqli::real_connect(): php_network_getaddresses: getaddrinfo failed: No such host is known.  in C:\xampp\htdocs\my-crud\system\Database\MySQLi\Connection.php:174
Stack trace:
#0 [internal function]: CodeIgniter\Debug\Exceptions->errorHandler(2, 'mysqli::real_co...', 'C:\\xampp\\htdocs...', 174)
#1 C:\xampp\htdocs\my-crud\system\Database\MySQLi\Connection.php(174): mysqli->real_connect('database', 'root', '12345', 'ci4_practice', 3306, '', 0)
#2 C:\xampp\htdocs\my-crud\system\Database\BaseConnection.php(391): CodeIgniter\Database\MySQLi\Connection->connect(false)
#3 C:\xampp\htdocs\my-crud\system\Database\BaseConnection.php(573): CodeIgniter\Database\BaseConnection->initialize()
#4 C:\xampp\htdocs\my-crud\system\Database\BaseBuilder.php(1616): CodeIgniter\Database\BaseConnection->query('SELECT *\nFROM `...', Array, false)
#5 C:\xampp\htdocs\my-crud\system\Model.php(241): CodeIgniter\Database\BaseBuilder->get()
#6 C:\xampp\htdocs\my-crud\system\BaseModel.php(618): CodeIgniter\Model->doFindAll(0, 0)
#7 C:\xampp\htdocs\my-crud\app\Models\BookModel.php(23): CodeIgniter\BaseModel->findAll()
#8 C:\xampp\htdocs\my-crud\app\Controllers\Book.php(27): App\Models\BookModel->getBook()
#9 C:\xampp\htdocs\my-crud\system\CodeIgniter.php(934): App\Controllers\Book->getBook()
#10 C:\xampp\htdocs\my-crud\system\CodeIgniter.php(499): CodeIgniter\CodeIgniter->runController(Object(App\Controllers\Book))
#11 C:\xampp\htdocs\my-crud\system\CodeIgniter.php(368): CodeIgniter\CodeIgniter->handleRequest(NULL, Object(Config\Cache), false)
#12 C:\xampp\htdocs\my-crud\public\index.php(67): CodeIgniter\CodeIgniter->run()
#13 C:\xampp\htdocs\my-crud\system\Commands\Server\rewrite.php(47): require_once('C:\\xampp\\htdocs...')
#14 {main}

Next mysqli_sql_exception: php_network_getaddresses: getaddrinfo failed: No such host is known.  in C:\xampp\htdocs\my-crud\system\Database\MySQLi\Connection.php:174
Stack trace:
#0 C:\xampp\htdocs\my-crud\system\Database\MySQLi\Connection.php(174): mysqli->real_connect('database', 'root', '12345', 'ci4_practice', 3306, '', 0)
#1 C:\xampp\htdocs\my-crud\system\Database\BaseConnection.php(391): CodeIgniter\Database\MySQLi\Connection->connect(false)
#2 C:\xampp\htdocs\my-crud\system\Database\BaseConnection.php(573): CodeIgniter\Database\BaseConnection->initialize()
#3 C:\xampp\htdocs\my-crud\system\Database\BaseBuilder.php(1616): CodeIgniter\Database\BaseConnection->query('SELECT *\nFROM `...', Array, false)
#4 C:\xampp\htdocs\my-crud\system\Model.php(241): CodeIgniter\Database\BaseBuilder->get()
#5 C:\xampp\htdocs\my-crud\system\BaseModel.php(618): CodeIgniter\Model->doFindAll(0, 0)
#6 C:\xampp\htdocs\my-crud\app\Models\BookModel.php(23): CodeIgniter\BaseModel->findAll()
#7 C:\xampp\htdocs\my-crud\app\Controllers\Book.php(27): App\Models\BookModel->getBook()
#8 C:\xampp\htdocs\my-crud\system\CodeIgniter.php(934): App\Controllers\Book->getBook()
#9 C:\xampp\htdocs\my-crud\system\CodeIgniter.php(499): CodeIgniter\CodeIgniter->runController(Object(App\Controllers\Book))
#10 C:\xampp\htdocs\my-crud\system\CodeIgniter.php(368): CodeIgniter\CodeIgniter->handleRequest(NULL, Object(Config\Cache), false)
#11 C:\xampp\htdocs\my-crud\public\index.php(67): CodeIgniter\CodeIgniter->run()
#12 C:\xampp\htdocs\my-crud\system\Commands\Server\rewrite.php(47): require_once('C:\\xampp\\htdocs...')
#13 {main}

Next CodeIgniter\Database\Exceptions\DatabaseException: php_network_getaddresses: getaddrinfo failed: No such host is known.  in C:\xampp\htdocs\my-crud\system\Database\MySQLi\Connection.php:218
Stack trace:
#0 C:\xampp\htdocs\my-crud\system\Database\BaseConnection.php(391): CodeIgniter\Database\MySQLi\Connection->connect(false)
#1 C:\xampp\htdocs\my-crud\system\Database\BaseConnection.php(573): CodeIgniter\Database\BaseConnection->initialize()
#2 C:\xampp\htdocs\my-crud\system\Database\BaseBuilder.php(1616): CodeIgniter\Database\BaseConnection->query('SELECT *\nFROM `...', Array, false)
#3 C:\xampp\htdocs\my-crud\system\Model.php(241): CodeIgniter\Database\BaseBuilder->get()
#4 C:\xampp\htdocs\my-crud\system\BaseModel.php(618): CodeIgniter\Model->doFindAll(0, 0)
#5 C:\xampp\htdocs\my-crud\app\Models\BookModel.php(23): CodeIgniter\BaseModel->findAll()
#6 C:\xampp\htdocs\my-crud\app\Controllers\Book.php(27): App\Models\BookModel->getBook()
#7 C:\xampp\htdocs\my-crud\system\CodeIgniter.php(934): App\Controllers\Book->getBook()
#8 C:\xampp\htdocs\my-crud\system\CodeIgniter.php(499): CodeIgniter\CodeIgniter->runController(Object(App\Controllers\Book))
#9 C:\xampp\htdocs\my-crud\system\CodeIgniter.php(368): CodeIgniter\CodeIgniter->handleRequest(NULL, Object(Config\Cache), false)
#10 C:\xampp\htdocs\my-crud\public\index.php(67): CodeIgniter\CodeIgniter->run()
#11 C:\xampp\htdocs\my-crud\system\Commands\Server\rewrite.php(47): require_once('C:\\xampp\\htdocs...')
#12 {main}
CRITICAL - 2023-06-08 13:55:49 --> Unable to connect to the database.
Main connection [MySQLi]: php_network_getaddresses: getaddrinfo failed: No such host is known. 
in SYSTEMPATH\Database\BaseConnection.php on line 427.
 1 SYSTEMPATH\Database\BaseConnection.php(573): CodeIgniter\Database\BaseConnection->initialize()
 2 SYSTEMPATH\Database\BaseBuilder.php(1616): CodeIgniter\Database\BaseConnection->query('SELECT *
FROM `book`', [], false)
 3 SYSTEMPATH\Model.php(241): CodeIgniter\Database\BaseBuilder->get()
 4 SYSTEMPATH\BaseModel.php(618): CodeIgniter\Model->doFindAll(0, 0)
 5 APPPATH\Models\BookModel.php(23): CodeIgniter\BaseModel->findAll()
 6 APPPATH\Controllers\Book.php(27): App\Models\BookModel->getBook()
 7 SYSTEMPATH\CodeIgniter.php(934): App\Controllers\Book->getBook()
 8 SYSTEMPATH\CodeIgniter.php(499): CodeIgniter\CodeIgniter->runController(Object(App\Controllers\Book))
 9 SYSTEMPATH\CodeIgniter.php(368): CodeIgniter\CodeIgniter->handleRequest(null, Object(Config\Cache), false)
10 FCPATH\index.php(67): CodeIgniter\CodeIgniter->run()
11 SYSTEMPATH\Commands\Server\rewrite.php(47): require_once('C:\\xampp\\htdocs\\my-crud\\public\\index.php')
ERROR - 2023-06-08 13:56:23 --> Error connecting to the database: ErrorException: mysqli::real_connect(): php_network_getaddresses: getaddrinfo failed: No such host is known.  in C:\xampp\htdocs\my-crud\system\Database\MySQLi\Connection.php:174
Stack trace:
#0 [internal function]: CodeIgniter\Debug\Exceptions->errorHandler(2, 'mysqli::real_co...', 'C:\\xampp\\htdocs...', 174)
#1 C:\xampp\htdocs\my-crud\system\Database\MySQLi\Connection.php(174): mysqli->real_connect('database', 'root', '12345', 'ci4_practice', 3306, '', 0)
#2 C:\xampp\htdocs\my-crud\system\Database\BaseConnection.php(391): CodeIgniter\Database\MySQLi\Connection->connect(false)
#3 C:\xampp\htdocs\my-crud\system\Database\BaseConnection.php(573): CodeIgniter\Database\BaseConnection->initialize()
#4 C:\xampp\htdocs\my-crud\system\Database\BaseBuilder.php(1616): CodeIgniter\Database\BaseConnection->query('SELECT *\nFROM `...', Array, false)
#5 C:\xampp\htdocs\my-crud\system\Model.php(241): CodeIgniter\Database\BaseBuilder->get()
#6 C:\xampp\htdocs\my-crud\system\BaseModel.php(618): CodeIgniter\Model->doFindAll(0, 0)
#7 C:\xampp\htdocs\my-crud\app\Models\BookModel.php(23): CodeIgniter\BaseModel->findAll()
#8 C:\xampp\htdocs\my-crud\app\Controllers\Book.php(27): App\Models\BookModel->getBook()
#9 C:\xampp\htdocs\my-crud\system\CodeIgniter.php(934): App\Controllers\Book->getBook()
#10 C:\xampp\htdocs\my-crud\system\CodeIgniter.php(499): CodeIgniter\CodeIgniter->runController(Object(App\Controllers\Book))
#11 C:\xampp\htdocs\my-crud\system\CodeIgniter.php(368): CodeIgniter\CodeIgniter->handleRequest(NULL, Object(Config\Cache), false)
#12 C:\xampp\htdocs\my-crud\public\index.php(67): CodeIgniter\CodeIgniter->run()
#13 C:\xampp\htdocs\my-crud\system\Commands\Server\rewrite.php(47): require_once('C:\\xampp\\htdocs...')
#14 {main}

Next mysqli_sql_exception: php_network_getaddresses: getaddrinfo failed: No such host is known.  in C:\xampp\htdocs\my-crud\system\Database\MySQLi\Connection.php:174
Stack trace:
#0 C:\xampp\htdocs\my-crud\system\Database\MySQLi\Connection.php(174): mysqli->real_connect('database', 'root', '12345', 'ci4_practice', 3306, '', 0)
#1 C:\xampp\htdocs\my-crud\system\Database\BaseConnection.php(391): CodeIgniter\Database\MySQLi\Connection->connect(false)
#2 C:\xampp\htdocs\my-crud\system\Database\BaseConnection.php(573): CodeIgniter\Database\BaseConnection->initialize()
#3 C:\xampp\htdocs\my-crud\system\Database\BaseBuilder.php(1616): CodeIgniter\Database\BaseConnection->query('SELECT *\nFROM `...', Array, false)
#4 C:\xampp\htdocs\my-crud\system\Model.php(241): CodeIgniter\Database\BaseBuilder->get()
#5 C:\xampp\htdocs\my-crud\system\BaseModel.php(618): CodeIgniter\Model->doFindAll(0, 0)
#6 C:\xampp\htdocs\my-crud\app\Models\BookModel.php(23): CodeIgniter\BaseModel->findAll()
#7 C:\xampp\htdocs\my-crud\app\Controllers\Book.php(27): App\Models\BookModel->getBook()
#8 C:\xampp\htdocs\my-crud\system\CodeIgniter.php(934): App\Controllers\Book->getBook()
#9 C:\xampp\htdocs\my-crud\system\CodeIgniter.php(499): CodeIgniter\CodeIgniter->runController(Object(App\Controllers\Book))
#10 C:\xampp\htdocs\my-crud\system\CodeIgniter.php(368): CodeIgniter\CodeIgniter->handleRequest(NULL, Object(Config\Cache), false)
#11 C:\xampp\htdocs\my-crud\public\index.php(67): CodeIgniter\CodeIgniter->run()
#12 C:\xampp\htdocs\my-crud\system\Commands\Server\rewrite.php(47): require_once('C:\\xampp\\htdocs...')
#13 {main}

Next CodeIgniter\Database\Exceptions\DatabaseException: php_network_getaddresses: getaddrinfo failed: No such host is known.  in C:\xampp\htdocs\my-crud\system\Database\MySQLi\Connection.php:218
Stack trace:
#0 C:\xampp\htdocs\my-crud\system\Database\BaseConnection.php(391): CodeIgniter\Database\MySQLi\Connection->connect(false)
#1 C:\xampp\htdocs\my-crud\system\Database\BaseConnection.php(573): CodeIgniter\Database\BaseConnection->initialize()
#2 C:\xampp\htdocs\my-crud\system\Database\BaseBuilder.php(1616): CodeIgniter\Database\BaseConnection->query('SELECT *\nFROM `...', Array, false)
#3 C:\xampp\htdocs\my-crud\system\Model.php(241): CodeIgniter\Database\BaseBuilder->get()
#4 C:\xampp\htdocs\my-crud\system\BaseModel.php(618): CodeIgniter\Model->doFindAll(0, 0)
#5 C:\xampp\htdocs\my-crud\app\Models\BookModel.php(23): CodeIgniter\BaseModel->findAll()
#6 C:\xampp\htdocs\my-crud\app\Controllers\Book.php(27): App\Models\BookModel->getBook()
#7 C:\xampp\htdocs\my-crud\system\CodeIgniter.php(934): App\Controllers\Book->getBook()
#8 C:\xampp\htdocs\my-crud\system\CodeIgniter.php(499): CodeIgniter\CodeIgniter->runController(Object(App\Controllers\Book))
#9 C:\xampp\htdocs\my-crud\system\CodeIgniter.php(368): CodeIgniter\CodeIgniter->handleRequest(NULL, Object(Config\Cache), false)
#10 C:\xampp\htdocs\my-crud\public\index.php(67): CodeIgniter\CodeIgniter->run()
#11 C:\xampp\htdocs\my-crud\system\Commands\Server\rewrite.php(47): require_once('C:\\xampp\\htdocs...')
#12 {main}
CRITICAL - 2023-06-08 13:56:23 --> Unable to connect to the database.
Main connection [MySQLi]: php_network_getaddresses: getaddrinfo failed: No such host is known. 
in SYSTEMPATH\Database\BaseConnection.php on line 427.
 1 SYSTEMPATH\Database\BaseConnection.php(573): CodeIgniter\Database\BaseConnection->initialize()
 2 SYSTEMPATH\Database\BaseBuilder.php(1616): CodeIgniter\Database\BaseConnection->query('SELECT *
FROM `book`', [], false)
 3 SYSTEMPATH\Model.php(241): CodeIgniter\Database\BaseBuilder->get()
 4 SYSTEMPATH\BaseModel.php(618): CodeIgniter\Model->doFindAll(0, 0)
 5 APPPATH\Models\BookModel.php(23): CodeIgniter\BaseModel->findAll()
 6 APPPATH\Controllers\Book.php(27): App\Models\BookModel->getBook()
 7 SYSTEMPATH\CodeIgniter.php(934): App\Controllers\Book->getBook()
 8 SYSTEMPATH\CodeIgniter.php(499): CodeIgniter\CodeIgniter->runController(Object(App\Controllers\Book))
 9 SYSTEMPATH\CodeIgniter.php(368): CodeIgniter\CodeIgniter->handleRequest(null, Object(Config\Cache), false)
10 FCPATH\index.php(67): CodeIgniter\CodeIgniter->run()
11 SYSTEMPATH\Commands\Server\rewrite.php(47): require_once('C:\\xampp\\htdocs\\my-crud\\public\\index.php')
ERROR - 2023-06-08 13:56:27 --> Error connecting to the database: ErrorException: mysqli::real_connect(): php_network_getaddresses: getaddrinfo failed: No such host is known.  in C:\xampp\htdocs\my-crud\system\Database\MySQLi\Connection.php:174
Stack trace:
#0 [internal function]: CodeIgniter\Debug\Exceptions->errorHandler(2, 'mysqli::real_co...', 'C:\\xampp\\htdocs...', 174)
#1 C:\xampp\htdocs\my-crud\system\Database\MySQLi\Connection.php(174): mysqli->real_connect('database', 'root', '12345', 'ci4_practice', 3306, '', 0)
#2 C:\xampp\htdocs\my-crud\system\Database\BaseConnection.php(391): CodeIgniter\Database\MySQLi\Connection->connect(false)
#3 C:\xampp\htdocs\my-crud\system\Database\BaseConnection.php(573): CodeIgniter\Database\BaseConnection->initialize()
#4 C:\xampp\htdocs\my-crud\system\Database\BaseBuilder.php(1616): CodeIgniter\Database\BaseConnection->query('SELECT *\nFROM `...', Array, false)
#5 C:\xampp\htdocs\my-crud\system\Model.php(241): CodeIgniter\Database\BaseBuilder->get()
#6 C:\xampp\htdocs\my-crud\system\BaseModel.php(618): CodeIgniter\Model->doFindAll(0, 0)
#7 C:\xampp\htdocs\my-crud\app\Models\BookModel.php(23): CodeIgniter\BaseModel->findAll()
#8 C:\xampp\htdocs\my-crud\app\Controllers\Book.php(27): App\Models\BookModel->getBook()
#9 C:\xampp\htdocs\my-crud\system\CodeIgniter.php(934): App\Controllers\Book->getBook()
#10 C:\xampp\htdocs\my-crud\system\CodeIgniter.php(499): CodeIgniter\CodeIgniter->runController(Object(App\Controllers\Book))
#11 C:\xampp\htdocs\my-crud\system\CodeIgniter.php(368): CodeIgniter\CodeIgniter->handleRequest(NULL, Object(Config\Cache), false)
#12 C:\xampp\htdocs\my-crud\public\index.php(67): CodeIgniter\CodeIgniter->run()
#13 C:\xampp\htdocs\my-crud\system\Commands\Server\rewrite.php(47): require_once('C:\\xampp\\htdocs...')
#14 {main}

Next mysqli_sql_exception: php_network_getaddresses: getaddrinfo failed: No such host is known.  in C:\xampp\htdocs\my-crud\system\Database\MySQLi\Connection.php:174
Stack trace:
#0 C:\xampp\htdocs\my-crud\system\Database\MySQLi\Connection.php(174): mysqli->real_connect('database', 'root', '12345', 'ci4_practice', 3306, '', 0)
#1 C:\xampp\htdocs\my-crud\system\Database\BaseConnection.php(391): CodeIgniter\Database\MySQLi\Connection->connect(false)
#2 C:\xampp\htdocs\my-crud\system\Database\BaseConnection.php(573): CodeIgniter\Database\BaseConnection->initialize()
#3 C:\xampp\htdocs\my-crud\system\Database\BaseBuilder.php(1616): CodeIgniter\Database\BaseConnection->query('SELECT *\nFROM `...', Array, false)
#4 C:\xampp\htdocs\my-crud\system\Model.php(241): CodeIgniter\Database\BaseBuilder->get()
#5 C:\xampp\htdocs\my-crud\system\BaseModel.php(618): CodeIgniter\Model->doFindAll(0, 0)
#6 C:\xampp\htdocs\my-crud\app\Models\BookModel.php(23): CodeIgniter\BaseModel->findAll()
#7 C:\xampp\htdocs\my-crud\app\Controllers\Book.php(27): App\Models\BookModel->getBook()
#8 C:\xampp\htdocs\my-crud\system\CodeIgniter.php(934): App\Controllers\Book->getBook()
#9 C:\xampp\htdocs\my-crud\system\CodeIgniter.php(499): CodeIgniter\CodeIgniter->runController(Object(App\Controllers\Book))
#10 C:\xampp\htdocs\my-crud\system\CodeIgniter.php(368): CodeIgniter\CodeIgniter->handleRequest(NULL, Object(Config\Cache), false)
#11 C:\xampp\htdocs\my-crud\public\index.php(67): CodeIgniter\CodeIgniter->run()
#12 C:\xampp\htdocs\my-crud\system\Commands\Server\rewrite.php(47): require_once('C:\\xampp\\htdocs...')
#13 {main}

Next CodeIgniter\Database\Exceptions\DatabaseException: php_network_getaddresses: getaddrinfo failed: No such host is known.  in C:\xampp\htdocs\my-crud\system\Database\MySQLi\Connection.php:218
Stack trace:
#0 C:\xampp\htdocs\my-crud\system\Database\BaseConnection.php(391): CodeIgniter\Database\MySQLi\Connection->connect(false)
#1 C:\xampp\htdocs\my-crud\system\Database\BaseConnection.php(573): CodeIgniter\Database\BaseConnection->initialize()
#2 C:\xampp\htdocs\my-crud\system\Database\BaseBuilder.php(1616): CodeIgniter\Database\BaseConnection->query('SELECT *\nFROM `...', Array, false)
#3 C:\xampp\htdocs\my-crud\system\Model.php(241): CodeIgniter\Database\BaseBuilder->get()
#4 C:\xampp\htdocs\my-crud\system\BaseModel.php(618): CodeIgniter\Model->doFindAll(0, 0)
#5 C:\xampp\htdocs\my-crud\app\Models\BookModel.php(23): CodeIgniter\BaseModel->findAll()
#6 C:\xampp\htdocs\my-crud\app\Controllers\Book.php(27): App\Models\BookModel->getBook()
#7 C:\xampp\htdocs\my-crud\system\CodeIgniter.php(934): App\Controllers\Book->getBook()
#8 C:\xampp\htdocs\my-crud\system\CodeIgniter.php(499): CodeIgniter\CodeIgniter->runController(Object(App\Controllers\Book))
#9 C:\xampp\htdocs\my-crud\system\CodeIgniter.php(368): CodeIgniter\CodeIgniter->handleRequest(NULL, Object(Config\Cache), false)
#10 C:\xampp\htdocs\my-crud\public\index.php(67): CodeIgniter\CodeIgniter->run()
#11 C:\xampp\htdocs\my-crud\system\Commands\Server\rewrite.php(47): require_once('C:\\xampp\\htdocs...')
#12 {main}
CRITICAL - 2023-06-08 13:56:27 --> Unable to connect to the database.
Main connection [MySQLi]: php_network_getaddresses: getaddrinfo failed: No such host is known. 
in SYSTEMPATH\Database\BaseConnection.php on line 427.
 1 SYSTEMPATH\Database\BaseConnection.php(573): CodeIgniter\Database\BaseConnection->initialize()
 2 SYSTEMPATH\Database\BaseBuilder.php(1616): CodeIgniter\Database\BaseConnection->query('SELECT *
FROM `book`', [], false)
 3 SYSTEMPATH\Model.php(241): CodeIgniter\Database\BaseBuilder->get()
 4 SYSTEMPATH\BaseModel.php(618): CodeIgniter\Model->doFindAll(0, 0)
 5 APPPATH\Models\BookModel.php(23): CodeIgniter\BaseModel->findAll()
 6 APPPATH\Controllers\Book.php(27): App\Models\BookModel->getBook()
 7 SYSTEMPATH\CodeIgniter.php(934): App\Controllers\Book->getBook()
 8 SYSTEMPATH\CodeIgniter.php(499): CodeIgniter\CodeIgniter->runController(Object(App\Controllers\Book))
 9 SYSTEMPATH\CodeIgniter.php(368): CodeIgniter\CodeIgniter->handleRequest(null, Object(Config\Cache), false)
10 FCPATH\index.php(67): CodeIgniter\CodeIgniter->run()
11 SYSTEMPATH\Commands\Server\rewrite.php(47): require_once('C:\\xampp\\htdocs\\my-crud\\public\\index.php')
ERROR - 2023-06-08 13:56:30 --> Error connecting to the database: ErrorException: mysqli::real_connect(): php_network_getaddresses: getaddrinfo failed: No such host is known.  in C:\xampp\htdocs\my-crud\system\Database\MySQLi\Connection.php:174
Stack trace:
#0 [internal function]: CodeIgniter\Debug\Exceptions->errorHandler(2, 'mysqli::real_co...', 'C:\\xampp\\htdocs...', 174)
#1 C:\xampp\htdocs\my-crud\system\Database\MySQLi\Connection.php(174): mysqli->real_connect('database', 'root', '12345', 'ci4_practice', 3306, '', 0)
#2 C:\xampp\htdocs\my-crud\system\Database\BaseConnection.php(391): CodeIgniter\Database\MySQLi\Connection->connect(false)
#3 C:\xampp\htdocs\my-crud\system\Database\BaseConnection.php(573): CodeIgniter\Database\BaseConnection->initialize()
#4 C:\xampp\htdocs\my-crud\system\Database\BaseBuilder.php(1616): CodeIgniter\Database\BaseConnection->query('SELECT *\nFROM `...', Array, false)
#5 C:\xampp\htdocs\my-crud\system\Model.php(241): CodeIgniter\Database\BaseBuilder->get()
#6 C:\xampp\htdocs\my-crud\system\BaseModel.php(618): CodeIgniter\Model->doFindAll(0, 0)
#7 C:\xampp\htdocs\my-crud\app\Controllers\Person.php(26): CodeIgniter\BaseModel->findAll()
#8 C:\xampp\htdocs\my-crud\system\CodeIgniter.php(934): App\Controllers\Person->getPerson()
#9 C:\xampp\htdocs\my-crud\system\CodeIgniter.php(499): CodeIgniter\CodeIgniter->runController(Object(App\Controllers\Person))
#10 C:\xampp\htdocs\my-crud\system\CodeIgniter.php(368): CodeIgniter\CodeIgniter->handleRequest(NULL, Object(Config\Cache), false)
#11 C:\xampp\htdocs\my-crud\public\index.php(67): CodeIgniter\CodeIgniter->run()
#12 C:\xampp\htdocs\my-crud\system\Commands\Server\rewrite.php(47): require_once('C:\\xampp\\htdocs...')
#13 {main}

Next mysqli_sql_exception: php_network_getaddresses: getaddrinfo failed: No such host is known.  in C:\xampp\htdocs\my-crud\system\Database\MySQLi\Connection.php:174
Stack trace:
#0 C:\xampp\htdocs\my-crud\system\Database\MySQLi\Connection.php(174): mysqli->real_connect('database', 'root', '12345', 'ci4_practice', 3306, '', 0)
#1 C:\xampp\htdocs\my-crud\system\Database\BaseConnection.php(391): CodeIgniter\Database\MySQLi\Connection->connect(false)
#2 C:\xampp\htdocs\my-crud\system\Database\BaseConnection.php(573): CodeIgniter\Database\BaseConnection->initialize()
#3 C:\xampp\htdocs\my-crud\system\Database\BaseBuilder.php(1616): CodeIgniter\Database\BaseConnection->query('SELECT *\nFROM `...', Array, false)
#4 C:\xampp\htdocs\my-crud\system\Model.php(241): CodeIgniter\Database\BaseBuilder->get()
#5 C:\xampp\htdocs\my-crud\system\BaseModel.php(618): CodeIgniter\Model->doFindAll(0, 0)
#6 C:\xampp\htdocs\my-crud\app\Controllers\Person.php(26): CodeIgniter\BaseModel->findAll()
#7 C:\xampp\htdocs\my-crud\system\CodeIgniter.php(934): App\Controllers\Person->getPerson()
#8 C:\xampp\htdocs\my-crud\system\CodeIgniter.php(499): CodeIgniter\CodeIgniter->runController(Object(App\Controllers\Person))
#9 C:\xampp\htdocs\my-crud\system\CodeIgniter.php(368): CodeIgniter\CodeIgniter->handleRequest(NULL, Object(Config\Cache), false)
#10 C:\xampp\htdocs\my-crud\public\index.php(67): CodeIgniter\CodeIgniter->run()
#11 C:\xampp\htdocs\my-crud\system\Commands\Server\rewrite.php(47): require_once('C:\\xampp\\htdocs...')
#12 {main}

Next CodeIgniter\Database\Exceptions\DatabaseException: php_network_getaddresses: getaddrinfo failed: No such host is known.  in C:\xampp\htdocs\my-crud\system\Database\MySQLi\Connection.php:218
Stack trace:
#0 C:\xampp\htdocs\my-crud\system\Database\BaseConnection.php(391): CodeIgniter\Database\MySQLi\Connection->connect(false)
#1 C:\xampp\htdocs\my-crud\system\Database\BaseConnection.php(573): CodeIgniter\Database\BaseConnection->initialize()
#2 C:\xampp\htdocs\my-crud\system\Database\BaseBuilder.php(1616): CodeIgniter\Database\BaseConnection->query('SELECT *\nFROM `...', Array, false)
#3 C:\xampp\htdocs\my-crud\system\Model.php(241): CodeIgniter\Database\BaseBuilder->get()
#4 C:\xampp\htdocs\my-crud\system\BaseModel.php(618): CodeIgniter\Model->doFindAll(0, 0)
#5 C:\xampp\htdocs\my-crud\app\Controllers\Person.php(26): CodeIgniter\BaseModel->findAll()
#6 C:\xampp\htdocs\my-crud\system\CodeIgniter.php(934): App\Controllers\Person->getPerson()
#7 C:\xampp\htdocs\my-crud\system\CodeIgniter.php(499): CodeIgniter\CodeIgniter->runController(Object(App\Controllers\Person))
#8 C:\xampp\htdocs\my-crud\system\CodeIgniter.php(368): CodeIgniter\CodeIgniter->handleRequest(NULL, Object(Config\Cache), false)
#9 C:\xampp\htdocs\my-crud\public\index.php(67): CodeIgniter\CodeIgniter->run()
#10 C:\xampp\htdocs\my-crud\system\Commands\Server\rewrite.php(47): require_once('C:\\xampp\\htdocs...')
#11 {main}
CRITICAL - 2023-06-08 13:56:30 --> Unable to connect to the database.
Main connection [MySQLi]: php_network_getaddresses: getaddrinfo failed: No such host is known. 
in SYSTEMPATH\Database\BaseConnection.php on line 427.
 1 SYSTEMPATH\Database\BaseConnection.php(573): CodeIgniter\Database\BaseConnection->initialize()
 2 SYSTEMPATH\Database\BaseBuilder.php(1616): CodeIgniter\Database\BaseConnection->query('SELECT *
FROM `person`', [], false)
 3 SYSTEMPATH\Model.php(241): CodeIgniter\Database\BaseBuilder->get()
 4 SYSTEMPATH\BaseModel.php(618): CodeIgniter\Model->doFindAll(0, 0)
 5 APPPATH\Controllers\Person.php(26): CodeIgniter\BaseModel->findAll()
 6 SYSTEMPATH\CodeIgniter.php(934): App\Controllers\Person->getPerson()
 7 SYSTEMPATH\CodeIgniter.php(499): CodeIgniter\CodeIgniter->runController(Object(App\Controllers\Person))
 8 SYSTEMPATH\CodeIgniter.php(368): CodeIgniter\CodeIgniter->handleRequest(null, Object(Config\Cache), false)
 9 FCPATH\index.php(67): CodeIgniter\CodeIgniter->run()
10 SYSTEMPATH\Commands\Server\rewrite.php(47): require_once('C:\\xampp\\htdocs\\my-crud\\public\\index.php')
ERROR - 2023-06-08 13:57:50 --> Error connecting to the database: ErrorException: mysqli::real_connect(): php_network_getaddresses: getaddrinfo failed: No such host is known.  in C:\xampp\htdocs\my-crud\system\Database\MySQLi\Connection.php:174
Stack trace:
#0 [internal function]: CodeIgniter\Debug\Exceptions->errorHandler(2, 'mysqli::real_co...', 'C:\\xampp\\htdocs...', 174)
#1 C:\xampp\htdocs\my-crud\system\Database\MySQLi\Connection.php(174): mysqli->real_connect('database', 'root', '12345', 'ci4_practice', 3306, '', 0)
#2 C:\xampp\htdocs\my-crud\system\Database\BaseConnection.php(391): CodeIgniter\Database\MySQLi\Connection->connect(false)
#3 C:\xampp\htdocs\my-crud\system\Database\BaseConnection.php(573): CodeIgniter\Database\BaseConnection->initialize()
#4 C:\xampp\htdocs\my-crud\system\Database\BaseBuilder.php(1616): CodeIgniter\Database\BaseConnection->query('SELECT *\nFROM `...', Array, false)
#5 C:\xampp\htdocs\my-crud\system\Model.php(241): CodeIgniter\Database\BaseBuilder->get()
#6 C:\xampp\htdocs\my-crud\system\BaseModel.php(618): CodeIgniter\Model->doFindAll(0, 0)
#7 C:\xampp\htdocs\my-crud\app\Controllers\Person.php(26): CodeIgniter\BaseModel->findAll()
#8 C:\xampp\htdocs\my-crud\system\CodeIgniter.php(934): App\Controllers\Person->getPerson()
#9 C:\xampp\htdocs\my-crud\system\CodeIgniter.php(499): CodeIgniter\CodeIgniter->runController(Object(App\Controllers\Person))
#10 C:\xampp\htdocs\my-crud\system\CodeIgniter.php(368): CodeIgniter\CodeIgniter->handleRequest(NULL, Object(Config\Cache), false)
#11 C:\xampp\htdocs\my-crud\public\index.php(67): CodeIgniter\CodeIgniter->run()
#12 C:\xampp\htdocs\my-crud\system\Commands\Server\rewrite.php(47): require_once('C:\\xampp\\htdocs...')
#13 {main}

Next mysqli_sql_exception: php_network_getaddresses: getaddrinfo failed: No such host is known.  in C:\xampp\htdocs\my-crud\system\Database\MySQLi\Connection.php:174
Stack trace:
#0 C:\xampp\htdocs\my-crud\system\Database\MySQLi\Connection.php(174): mysqli->real_connect('database', 'root', '12345', 'ci4_practice', 3306, '', 0)
#1 C:\xampp\htdocs\my-crud\system\Database\BaseConnection.php(391): CodeIgniter\Database\MySQLi\Connection->connect(false)
#2 C:\xampp\htdocs\my-crud\system\Database\BaseConnection.php(573): CodeIgniter\Database\BaseConnection->initialize()
#3 C:\xampp\htdocs\my-crud\system\Database\BaseBuilder.php(1616): CodeIgniter\Database\BaseConnection->query('SELECT *\nFROM `...', Array, false)
#4 C:\xampp\htdocs\my-crud\system\Model.php(241): CodeIgniter\Database\BaseBuilder->get()
#5 C:\xampp\htdocs\my-crud\system\BaseModel.php(618): CodeIgniter\Model->doFindAll(0, 0)
#6 C:\xampp\htdocs\my-crud\app\Controllers\Person.php(26): CodeIgniter\BaseModel->findAll()
#7 C:\xampp\htdocs\my-crud\system\CodeIgniter.php(934): App\Controllers\Person->getPerson()
#8 C:\xampp\htdocs\my-crud\system\CodeIgniter.php(499): CodeIgniter\CodeIgniter->runController(Object(App\Controllers\Person))
#9 C:\xampp\htdocs\my-crud\system\CodeIgniter.php(368): CodeIgniter\CodeIgniter->handleRequest(NULL, Object(Config\Cache), false)
#10 C:\xampp\htdocs\my-crud\public\index.php(67): CodeIgniter\CodeIgniter->run()
#11 C:\xampp\htdocs\my-crud\system\Commands\Server\rewrite.php(47): require_once('C:\\xampp\\htdocs...')
#12 {main}

Next CodeIgniter\Database\Exceptions\DatabaseException: php_network_getaddresses: getaddrinfo failed: No such host is known.  in C:\xampp\htdocs\my-crud\system\Database\MySQLi\Connection.php:218
Stack trace:
#0 C:\xampp\htdocs\my-crud\system\Database\BaseConnection.php(391): CodeIgniter\Database\MySQLi\Connection->connect(false)
#1 C:\xampp\htdocs\my-crud\system\Database\BaseConnection.php(573): CodeIgniter\Database\BaseConnection->initialize()
#2 C:\xampp\htdocs\my-crud\system\Database\BaseBuilder.php(1616): CodeIgniter\Database\BaseConnection->query('SELECT *\nFROM `...', Array, false)
#3 C:\xampp\htdocs\my-crud\system\Model.php(241): CodeIgniter\Database\BaseBuilder->get()
#4 C:\xampp\htdocs\my-crud\system\BaseModel.php(618): CodeIgniter\Model->doFindAll(0, 0)
#5 C:\xampp\htdocs\my-crud\app\Controllers\Person.php(26): CodeIgniter\BaseModel->findAll()
#6 C:\xampp\htdocs\my-crud\system\CodeIgniter.php(934): App\Controllers\Person->getPerson()
#7 C:\xampp\htdocs\my-crud\system\CodeIgniter.php(499): CodeIgniter\CodeIgniter->runController(Object(App\Controllers\Person))
#8 C:\xampp\htdocs\my-crud\system\CodeIgniter.php(368): CodeIgniter\CodeIgniter->handleRequest(NULL, Object(Config\Cache), false)
#9 C:\xampp\htdocs\my-crud\public\index.php(67): CodeIgniter\CodeIgniter->run()
#10 C:\xampp\htdocs\my-crud\system\Commands\Server\rewrite.php(47): require_once('C:\\xampp\\htdocs...')
#11 {main}
CRITICAL - 2023-06-08 13:57:50 --> Unable to connect to the database.
Main connection [MySQLi]: php_network_getaddresses: getaddrinfo failed: No such host is known. 
in SYSTEMPATH\Database\BaseConnection.php on line 427.
 1 SYSTEMPATH\Database\BaseConnection.php(573): CodeIgniter\Database\BaseConnection->initialize()
 2 SYSTEMPATH\Database\BaseBuilder.php(1616): CodeIgniter\Database\BaseConnection->query('SELECT *
FROM `person`', [], false)
 3 SYSTEMPATH\Model.php(241): CodeIgniter\Database\BaseBuilder->get()
 4 SYSTEMPATH\BaseModel.php(618): CodeIgniter\Model->doFindAll(0, 0)
 5 APPPATH\Controllers\Person.php(26): CodeIgniter\BaseModel->findAll()
 6 SYSTEMPATH\CodeIgniter.php(934): App\Controllers\Person->getPerson()
 7 SYSTEMPATH\CodeIgniter.php(499): CodeIgniter\CodeIgniter->runController(Object(App\Controllers\Person))
 8 SYSTEMPATH\CodeIgniter.php(368): CodeIgniter\CodeIgniter->handleRequest(null, Object(Config\Cache), false)
 9 FCPATH\index.php(67): CodeIgniter\CodeIgniter->run()
10 SYSTEMPATH\Commands\Server\rewrite.php(47): require_once('C:\\xampp\\htdocs\\my-crud\\public\\index.php')
ERROR - 2023-06-08 13:57:53 --> Error connecting to the database: ErrorException: mysqli::real_connect(): php_network_getaddresses: getaddrinfo failed: No such host is known.  in C:\xampp\htdocs\my-crud\system\Database\MySQLi\Connection.php:174
Stack trace:
#0 [internal function]: CodeIgniter\Debug\Exceptions->errorHandler(2, 'mysqli::real_co...', 'C:\\xampp\\htdocs...', 174)
#1 C:\xampp\htdocs\my-crud\system\Database\MySQLi\Connection.php(174): mysqli->real_connect('database', 'root', '12345', 'ci4_practice', 3306, '', 0)
#2 C:\xampp\htdocs\my-crud\system\Database\BaseConnection.php(391): CodeIgniter\Database\MySQLi\Connection->connect(false)
#3 C:\xampp\htdocs\my-crud\system\Database\BaseConnection.php(573): CodeIgniter\Database\BaseConnection->initialize()
#4 C:\xampp\htdocs\my-crud\system\Database\BaseBuilder.php(1616): CodeIgniter\Database\BaseConnection->query('SELECT *\nFROM `...', Array, false)
#5 C:\xampp\htdocs\my-crud\system\Model.php(241): CodeIgniter\Database\BaseBuilder->get()
#6 C:\xampp\htdocs\my-crud\system\BaseModel.php(618): CodeIgniter\Model->doFindAll(0, 0)
#7 C:\xampp\htdocs\my-crud\app\Controllers\Person.php(26): CodeIgniter\BaseModel->findAll()
#8 C:\xampp\htdocs\my-crud\system\CodeIgniter.php(934): App\Controllers\Person->getPerson()
#9 C:\xampp\htdocs\my-crud\system\CodeIgniter.php(499): CodeIgniter\CodeIgniter->runController(Object(App\Controllers\Person))
#10 C:\xampp\htdocs\my-crud\system\CodeIgniter.php(368): CodeIgniter\CodeIgniter->handleRequest(NULL, Object(Config\Cache), false)
#11 C:\xampp\htdocs\my-crud\public\index.php(67): CodeIgniter\CodeIgniter->run()
#12 C:\xampp\htdocs\my-crud\system\Commands\Server\rewrite.php(47): require_once('C:\\xampp\\htdocs...')
#13 {main}

Next mysqli_sql_exception: php_network_getaddresses: getaddrinfo failed: No such host is known.  in C:\xampp\htdocs\my-crud\system\Database\MySQLi\Connection.php:174
Stack trace:
#0 C:\xampp\htdocs\my-crud\system\Database\MySQLi\Connection.php(174): mysqli->real_connect('database', 'root', '12345', 'ci4_practice', 3306, '', 0)
#1 C:\xampp\htdocs\my-crud\system\Database\BaseConnection.php(391): CodeIgniter\Database\MySQLi\Connection->connect(false)
#2 C:\xampp\htdocs\my-crud\system\Database\BaseConnection.php(573): CodeIgniter\Database\BaseConnection->initialize()
#3 C:\xampp\htdocs\my-crud\system\Database\BaseBuilder.php(1616): CodeIgniter\Database\BaseConnection->query('SELECT *\nFROM `...', Array, false)
#4 C:\xampp\htdocs\my-crud\system\Model.php(241): CodeIgniter\Database\BaseBuilder->get()
#5 C:\xampp\htdocs\my-crud\system\BaseModel.php(618): CodeIgniter\Model->doFindAll(0, 0)
#6 C:\xampp\htdocs\my-crud\app\Controllers\Person.php(26): CodeIgniter\BaseModel->findAll()
#7 C:\xampp\htdocs\my-crud\system\CodeIgniter.php(934): App\Controllers\Person->getPerson()
#8 C:\xampp\htdocs\my-crud\system\CodeIgniter.php(499): CodeIgniter\CodeIgniter->runController(Object(App\Controllers\Person))
#9 C:\xampp\htdocs\my-crud\system\CodeIgniter.php(368): CodeIgniter\CodeIgniter->handleRequest(NULL, Object(Config\Cache), false)
#10 C:\xampp\htdocs\my-crud\public\index.php(67): CodeIgniter\CodeIgniter->run()
#11 C:\xampp\htdocs\my-crud\system\Commands\Server\rewrite.php(47): require_once('C:\\xampp\\htdocs...')
#12 {main}

Next CodeIgniter\Database\Exceptions\DatabaseException: php_network_getaddresses: getaddrinfo failed: No such host is known.  in C:\xampp\htdocs\my-crud\system\Database\MySQLi\Connection.php:218
Stack trace:
#0 C:\xampp\htdocs\my-crud\system\Database\BaseConnection.php(391): CodeIgniter\Database\MySQLi\Connection->connect(false)
#1 C:\xampp\htdocs\my-crud\system\Database\BaseConnection.php(573): CodeIgniter\Database\BaseConnection->initialize()
#2 C:\xampp\htdocs\my-crud\system\Database\BaseBuilder.php(1616): CodeIgniter\Database\BaseConnection->query('SELECT *\nFROM `...', Array, false)
#3 C:\xampp\htdocs\my-crud\system\Model.php(241): CodeIgniter\Database\BaseBuilder->get()
#4 C:\xampp\htdocs\my-crud\system\BaseModel.php(618): CodeIgniter\Model->doFindAll(0, 0)
#5 C:\xampp\htdocs\my-crud\app\Controllers\Person.php(26): CodeIgniter\BaseModel->findAll()
#6 C:\xampp\htdocs\my-crud\system\CodeIgniter.php(934): App\Controllers\Person->getPerson()
#7 C:\xampp\htdocs\my-crud\system\CodeIgniter.php(499): CodeIgniter\CodeIgniter->runController(Object(App\Controllers\Person))
#8 C:\xampp\htdocs\my-crud\system\CodeIgniter.php(368): CodeIgniter\CodeIgniter->handleRequest(NULL, Object(Config\Cache), false)
#9 C:\xampp\htdocs\my-crud\public\index.php(67): CodeIgniter\CodeIgniter->run()
#10 C:\xampp\htdocs\my-crud\system\Commands\Server\rewrite.php(47): require_once('C:\\xampp\\htdocs...')
#11 {main}
CRITICAL - 2023-06-08 13:57:53 --> Unable to connect to the database.
Main connection [MySQLi]: php_network_getaddresses: getaddrinfo failed: No such host is known. 
in SYSTEMPATH\Database\BaseConnection.php on line 427.
 1 SYSTEMPATH\Database\BaseConnection.php(573): CodeIgniter\Database\BaseConnection->initialize()
 2 SYSTEMPATH\Database\BaseBuilder.php(1616): CodeIgniter\Database\BaseConnection->query('SELECT *
FROM `person`', [], false)
 3 SYSTEMPATH\Model.php(241): CodeIgniter\Database\BaseBuilder->get()
 4 SYSTEMPATH\BaseModel.php(618): CodeIgniter\Model->doFindAll(0, 0)
 5 APPPATH\Controllers\Person.php(26): CodeIgniter\BaseModel->findAll()
 6 SYSTEMPATH\CodeIgniter.php(934): App\Controllers\Person->getPerson()
 7 SYSTEMPATH\CodeIgniter.php(499): CodeIgniter\CodeIgniter->runController(Object(App\Controllers\Person))
 8 SYSTEMPATH\CodeIgniter.php(368): CodeIgniter\CodeIgniter->handleRequest(null, Object(Config\Cache), false)
 9 FCPATH\index.php(67): CodeIgniter\CodeIgniter->run()
10 SYSTEMPATH\Commands\Server\rewrite.php(47): require_once('C:\\xampp\\htdocs\\my-crud\\public\\index.php')
ERROR - 2023-06-08 13:58:15 --> Error connecting to the database: ErrorException: mysqli::real_connect(): php_network_getaddresses: getaddrinfo failed: No such host is known.  in C:\xampp\htdocs\my-crud\system\Database\MySQLi\Connection.php:174
Stack trace:
#0 [internal function]: CodeIgniter\Debug\Exceptions->errorHandler(2, 'mysqli::real_co...', 'C:\\xampp\\htdocs...', 174)
#1 C:\xampp\htdocs\my-crud\system\Database\MySQLi\Connection.php(174): mysqli->real_connect('database', 'root', '12345', 'ci4_practice', 3306, '', 0)
#2 C:\xampp\htdocs\my-crud\system\Database\BaseConnection.php(391): CodeIgniter\Database\MySQLi\Connection->connect(false)
#3 C:\xampp\htdocs\my-crud\system\Database\BaseConnection.php(573): CodeIgniter\Database\BaseConnection->initialize()
#4 C:\xampp\htdocs\my-crud\system\Database\BaseBuilder.php(1616): CodeIgniter\Database\BaseConnection->query('SELECT *\nFROM `...', Array, false)
#5 C:\xampp\htdocs\my-crud\system\Model.php(241): CodeIgniter\Database\BaseBuilder->get()
#6 C:\xampp\htdocs\my-crud\system\BaseModel.php(618): CodeIgniter\Model->doFindAll(0, 0)
#7 C:\xampp\htdocs\my-crud\app\Models\BookModel.php(23): CodeIgniter\BaseModel->findAll()
#8 C:\xampp\htdocs\my-crud\app\Controllers\Book.php(27): App\Models\BookModel->getBook()
#9 C:\xampp\htdocs\my-crud\system\CodeIgniter.php(934): App\Controllers\Book->getBook()
#10 C:\xampp\htdocs\my-crud\system\CodeIgniter.php(499): CodeIgniter\CodeIgniter->runController(Object(App\Controllers\Book))
#11 C:\xampp\htdocs\my-crud\system\CodeIgniter.php(368): CodeIgniter\CodeIgniter->handleRequest(NULL, Object(Config\Cache), false)
#12 C:\xampp\htdocs\my-crud\public\index.php(67): CodeIgniter\CodeIgniter->run()
#13 C:\xampp\htdocs\my-crud\system\Commands\Server\rewrite.php(47): require_once('C:\\xampp\\htdocs...')
#14 {main}

Next mysqli_sql_exception: php_network_getaddresses: getaddrinfo failed: No such host is known.  in C:\xampp\htdocs\my-crud\system\Database\MySQLi\Connection.php:174
Stack trace:
#0 C:\xampp\htdocs\my-crud\system\Database\MySQLi\Connection.php(174): mysqli->real_connect('database', 'root', '12345', 'ci4_practice', 3306, '', 0)
#1 C:\xampp\htdocs\my-crud\system\Database\BaseConnection.php(391): CodeIgniter\Database\MySQLi\Connection->connect(false)
#2 C:\xampp\htdocs\my-crud\system\Database\BaseConnection.php(573): CodeIgniter\Database\BaseConnection->initialize()
#3 C:\xampp\htdocs\my-crud\system\Database\BaseBuilder.php(1616): CodeIgniter\Database\BaseConnection->query('SELECT *\nFROM `...', Array, false)
#4 C:\xampp\htdocs\my-crud\system\Model.php(241): CodeIgniter\Database\BaseBuilder->get()
#5 C:\xampp\htdocs\my-crud\system\BaseModel.php(618): CodeIgniter\Model->doFindAll(0, 0)
#6 C:\xampp\htdocs\my-crud\app\Models\BookModel.php(23): CodeIgniter\BaseModel->findAll()
#7 C:\xampp\htdocs\my-crud\app\Controllers\Book.php(27): App\Models\BookModel->getBook()
#8 C:\xampp\htdocs\my-crud\system\CodeIgniter.php(934): App\Controllers\Book->getBook()
#9 C:\xampp\htdocs\my-crud\system\CodeIgniter.php(499): CodeIgniter\CodeIgniter->runController(Object(App\Controllers\Book))
#10 C:\xampp\htdocs\my-crud\system\CodeIgniter.php(368): CodeIgniter\CodeIgniter->handleRequest(NULL, Object(Config\Cache), false)
#11 C:\xampp\htdocs\my-crud\public\index.php(67): CodeIgniter\CodeIgniter->run()
#12 C:\xampp\htdocs\my-crud\system\Commands\Server\rewrite.php(47): require_once('C:\\xampp\\htdocs...')
#13 {main}

Next CodeIgniter\Database\Exceptions\DatabaseException: php_network_getaddresses: getaddrinfo failed: No such host is known.  in C:\xampp\htdocs\my-crud\system\Database\MySQLi\Connection.php:218
Stack trace:
#0 C:\xampp\htdocs\my-crud\system\Database\BaseConnection.php(391): CodeIgniter\Database\MySQLi\Connection->connect(false)
#1 C:\xampp\htdocs\my-crud\system\Database\BaseConnection.php(573): CodeIgniter\Database\BaseConnection->initialize()
#2 C:\xampp\htdocs\my-crud\system\Database\BaseBuilder.php(1616): CodeIgniter\Database\BaseConnection->query('SELECT *\nFROM `...', Array, false)
#3 C:\xampp\htdocs\my-crud\system\Model.php(241): CodeIgniter\Database\BaseBuilder->get()
#4 C:\xampp\htdocs\my-crud\system\BaseModel.php(618): CodeIgniter\Model->doFindAll(0, 0)
#5 C:\xampp\htdocs\my-crud\app\Models\BookModel.php(23): CodeIgniter\BaseModel->findAll()
#6 C:\xampp\htdocs\my-crud\app\Controllers\Book.php(27): App\Models\BookModel->getBook()
#7 C:\xampp\htdocs\my-crud\system\CodeIgniter.php(934): App\Controllers\Book->getBook()
#8 C:\xampp\htdocs\my-crud\system\CodeIgniter.php(499): CodeIgniter\CodeIgniter->runController(Object(App\Controllers\Book))
#9 C:\xampp\htdocs\my-crud\system\CodeIgniter.php(368): CodeIgniter\CodeIgniter->handleRequest(NULL, Object(Config\Cache), false)
#10 C:\xampp\htdocs\my-crud\public\index.php(67): CodeIgniter\CodeIgniter->run()
#11 C:\xampp\htdocs\my-crud\system\Commands\Server\rewrite.php(47): require_once('C:\\xampp\\htdocs...')
#12 {main}
CRITICAL - 2023-06-08 13:58:15 --> Unable to connect to the database.
Main connection [MySQLi]: php_network_getaddresses: getaddrinfo failed: No such host is known. 
in SYSTEMPATH\Database\BaseConnection.php on line 427.
 1 SYSTEMPATH\Database\BaseConnection.php(573): CodeIgniter\Database\BaseConnection->initialize()
 2 SYSTEMPATH\Database\BaseBuilder.php(1616): CodeIgniter\Database\BaseConnection->query('SELECT *
FROM `book`', [], false)
 3 SYSTEMPATH\Model.php(241): CodeIgniter\Database\BaseBuilder->get()
 4 SYSTEMPATH\BaseModel.php(618): CodeIgniter\Model->doFindAll(0, 0)
 5 APPPATH\Models\BookModel.php(23): CodeIgniter\BaseModel->findAll()
 6 APPPATH\Controllers\Book.php(27): App\Models\BookModel->getBook()
 7 SYSTEMPATH\CodeIgniter.php(934): App\Controllers\Book->getBook()
 8 SYSTEMPATH\CodeIgniter.php(499): CodeIgniter\CodeIgniter->runController(Object(App\Controllers\Book))
 9 SYSTEMPATH\CodeIgniter.php(368): CodeIgniter\CodeIgniter->handleRequest(null, Object(Config\Cache), false)
10 FCPATH\index.php(67): CodeIgniter\CodeIgniter->run()
11 SYSTEMPATH\Commands\Server\rewrite.php(47): require_once('C:\\xampp\\htdocs\\my-crud\\public\\index.php')
ERROR - 2023-06-08 13:58:18 --> Error connecting to the database: ErrorException: mysqli::real_connect(): php_network_getaddresses: getaddrinfo failed: No such host is known.  in C:\xampp\htdocs\my-crud\system\Database\MySQLi\Connection.php:174
Stack trace:
#0 [internal function]: CodeIgniter\Debug\Exceptions->errorHandler(2, 'mysqli::real_co...', 'C:\\xampp\\htdocs...', 174)
#1 C:\xampp\htdocs\my-crud\system\Database\MySQLi\Connection.php(174): mysqli->real_connect('database', 'root', '12345', 'ci4_practice', 3306, '', 0)
#2 C:\xampp\htdocs\my-crud\system\Database\BaseConnection.php(391): CodeIgniter\Database\MySQLi\Connection->connect(false)
#3 C:\xampp\htdocs\my-crud\system\Database\BaseConnection.php(573): CodeIgniter\Database\BaseConnection->initialize()
#4 C:\xampp\htdocs\my-crud\system\Database\BaseBuilder.php(1616): CodeIgniter\Database\BaseConnection->query('SELECT *\nFROM `...', Array, false)
#5 C:\xampp\htdocs\my-crud\system\Model.php(241): CodeIgniter\Database\BaseBuilder->get()
#6 C:\xampp\htdocs\my-crud\system\BaseModel.php(618): CodeIgniter\Model->doFindAll(0, 0)
#7 C:\xampp\htdocs\my-crud\app\Controllers\Person.php(26): CodeIgniter\BaseModel->findAll()
#8 C:\xampp\htdocs\my-crud\system\CodeIgniter.php(934): App\Controllers\Person->getPerson()
#9 C:\xampp\htdocs\my-crud\system\CodeIgniter.php(499): CodeIgniter\CodeIgniter->runController(Object(App\Controllers\Person))
#10 C:\xampp\htdocs\my-crud\system\CodeIgniter.php(368): CodeIgniter\CodeIgniter->handleRequest(NULL, Object(Config\Cache), false)
#11 C:\xampp\htdocs\my-crud\public\index.php(67): CodeIgniter\CodeIgniter->run()
#12 C:\xampp\htdocs\my-crud\system\Commands\Server\rewrite.php(47): require_once('C:\\xampp\\htdocs...')
#13 {main}

Next mysqli_sql_exception: php_network_getaddresses: getaddrinfo failed: No such host is known.  in C:\xampp\htdocs\my-crud\system\Database\MySQLi\Connection.php:174
Stack trace:
#0 C:\xampp\htdocs\my-crud\system\Database\MySQLi\Connection.php(174): mysqli->real_connect('database', 'root', '12345', 'ci4_practice', 3306, '', 0)
#1 C:\xampp\htdocs\my-crud\system\Database\BaseConnection.php(391): CodeIgniter\Database\MySQLi\Connection->connect(false)
#2 C:\xampp\htdocs\my-crud\system\Database\BaseConnection.php(573): CodeIgniter\Database\BaseConnection->initialize()
#3 C:\xampp\htdocs\my-crud\system\Database\BaseBuilder.php(1616): CodeIgniter\Database\BaseConnection->query('SELECT *\nFROM `...', Array, false)
#4 C:\xampp\htdocs\my-crud\system\Model.php(241): CodeIgniter\Database\BaseBuilder->get()
#5 C:\xampp\htdocs\my-crud\system\BaseModel.php(618): CodeIgniter\Model->doFindAll(0, 0)
#6 C:\xampp\htdocs\my-crud\app\Controllers\Person.php(26): CodeIgniter\BaseModel->findAll()
#7 C:\xampp\htdocs\my-crud\system\CodeIgniter.php(934): App\Controllers\Person->getPerson()
#8 C:\xampp\htdocs\my-crud\system\CodeIgniter.php(499): CodeIgniter\CodeIgniter->runController(Object(App\Controllers\Person))
#9 C:\xampp\htdocs\my-crud\system\CodeIgniter.php(368): CodeIgniter\CodeIgniter->handleRequest(NULL, Object(Config\Cache), false)
#10 C:\xampp\htdocs\my-crud\public\index.php(67): CodeIgniter\CodeIgniter->run()
#11 C:\xampp\htdocs\my-crud\system\Commands\Server\rewrite.php(47): require_once('C:\\xampp\\htdocs...')
#12 {main}

Next CodeIgniter\Database\Exceptions\DatabaseException: php_network_getaddresses: getaddrinfo failed: No such host is known.  in C:\xampp\htdocs\my-crud\system\Database\MySQLi\Connection.php:218
Stack trace:
#0 C:\xampp\htdocs\my-crud\system\Database\BaseConnection.php(391): CodeIgniter\Database\MySQLi\Connection->connect(false)
#1 C:\xampp\htdocs\my-crud\system\Database\BaseConnection.php(573): CodeIgniter\Database\BaseConnection->initialize()
#2 C:\xampp\htdocs\my-crud\system\Database\BaseBuilder.php(1616): CodeIgniter\Database\BaseConnection->query('SELECT *\nFROM `...', Array, false)
#3 C:\xampp\htdocs\my-crud\system\Model.php(241): CodeIgniter\Database\BaseBuilder->get()
#4 C:\xampp\htdocs\my-crud\system\BaseModel.php(618): CodeIgniter\Model->doFindAll(0, 0)
#5 C:\xampp\htdocs\my-crud\app\Controllers\Person.php(26): CodeIgniter\BaseModel->findAll()
#6 C:\xampp\htdocs\my-crud\system\CodeIgniter.php(934): App\Controllers\Person->getPerson()
#7 C:\xampp\htdocs\my-crud\system\CodeIgniter.php(499): CodeIgniter\CodeIgniter->runController(Object(App\Controllers\Person))
#8 C:\xampp\htdocs\my-crud\system\CodeIgniter.php(368): CodeIgniter\CodeIgniter->handleRequest(NULL, Object(Config\Cache), false)
#9 C:\xampp\htdocs\my-crud\public\index.php(67): CodeIgniter\CodeIgniter->run()
#10 C:\xampp\htdocs\my-crud\system\Commands\Server\rewrite.php(47): require_once('C:\\xampp\\htdocs...')
#11 {main}
CRITICAL - 2023-06-08 13:58:18 --> Unable to connect to the database.
Main connection [MySQLi]: php_network_getaddresses: getaddrinfo failed: No such host is known. 
in SYSTEMPATH\Database\BaseConnection.php on line 427.
 1 SYSTEMPATH\Database\BaseConnection.php(573): CodeIgniter\Database\BaseConnection->initialize()
 2 SYSTEMPATH\Database\BaseBuilder.php(1616): CodeIgniter\Database\BaseConnection->query('SELECT *
FROM `person`', [], false)
 3 SYSTEMPATH\Model.php(241): CodeIgniter\Database\BaseBuilder->get()
 4 SYSTEMPATH\BaseModel.php(618): CodeIgniter\Model->doFindAll(0, 0)
 5 APPPATH\Controllers\Person.php(26): CodeIgniter\BaseModel->findAll()
 6 SYSTEMPATH\CodeIgniter.php(934): App\Controllers\Person->getPerson()
 7 SYSTEMPATH\CodeIgniter.php(499): CodeIgniter\CodeIgniter->runController(Object(App\Controllers\Person))
 8 SYSTEMPATH\CodeIgniter.php(368): CodeIgniter\CodeIgniter->handleRequest(null, Object(Config\Cache), false)
 9 FCPATH\index.php(67): CodeIgniter\CodeIgniter->run()
10 SYSTEMPATH\Commands\Server\rewrite.php(47): require_once('C:\\xampp\\htdocs\\my-crud\\public\\index.php')
ERROR - 2023-06-08 13:58:21 --> Error connecting to the database: ErrorException: mysqli::real_connect(): php_network_getaddresses: getaddrinfo failed: No such host is known.  in C:\xampp\htdocs\my-crud\system\Database\MySQLi\Connection.php:174
Stack trace:
#0 [internal function]: CodeIgniter\Debug\Exceptions->errorHandler(2, 'mysqli::real_co...', 'C:\\xampp\\htdocs...', 174)
#1 C:\xampp\htdocs\my-crud\system\Database\MySQLi\Connection.php(174): mysqli->real_connect('database', 'root', '12345', 'ci4_practice', 3306, '', 0)
#2 C:\xampp\htdocs\my-crud\system\Database\BaseConnection.php(391): CodeIgniter\Database\MySQLi\Connection->connect(false)
#3 C:\xampp\htdocs\my-crud\system\Database\BaseConnection.php(573): CodeIgniter\Database\BaseConnection->initialize()
#4 C:\xampp\htdocs\my-crud\system\Database\BaseBuilder.php(1616): CodeIgniter\Database\BaseConnection->query('SELECT *\nFROM `...', Array, false)
#5 C:\xampp\htdocs\my-crud\system\Model.php(241): CodeIgniter\Database\BaseBuilder->get()
#6 C:\xampp\htdocs\my-crud\system\BaseModel.php(618): CodeIgniter\Model->doFindAll(0, 0)
#7 C:\xampp\htdocs\my-crud\app\Models\BookModel.php(23): CodeIgniter\BaseModel->findAll()
#8 C:\xampp\htdocs\my-crud\app\Controllers\Book.php(27): App\Models\BookModel->getBook()
#9 C:\xampp\htdocs\my-crud\system\CodeIgniter.php(934): App\Controllers\Book->getBook()
#10 C:\xampp\htdocs\my-crud\system\CodeIgniter.php(499): CodeIgniter\CodeIgniter->runController(Object(App\Controllers\Book))
#11 C:\xampp\htdocs\my-crud\system\CodeIgniter.php(368): CodeIgniter\CodeIgniter->handleRequest(NULL, Object(Config\Cache), false)
#12 C:\xampp\htdocs\my-crud\public\index.php(67): CodeIgniter\CodeIgniter->run()
#13 C:\xampp\htdocs\my-crud\system\Commands\Server\rewrite.php(47): require_once('C:\\xampp\\htdocs...')
#14 {main}

Next mysqli_sql_exception: php_network_getaddresses: getaddrinfo failed: No such host is known.  in C:\xampp\htdocs\my-crud\system\Database\MySQLi\Connection.php:174
Stack trace:
#0 C:\xampp\htdocs\my-crud\system\Database\MySQLi\Connection.php(174): mysqli->real_connect('database', 'root', '12345', 'ci4_practice', 3306, '', 0)
#1 C:\xampp\htdocs\my-crud\system\Database\BaseConnection.php(391): CodeIgniter\Database\MySQLi\Connection->connect(false)
#2 C:\xampp\htdocs\my-crud\system\Database\BaseConnection.php(573): CodeIgniter\Database\BaseConnection->initialize()
#3 C:\xampp\htdocs\my-crud\system\Database\BaseBuilder.php(1616): CodeIgniter\Database\BaseConnection->query('SELECT *\nFROM `...', Array, false)
#4 C:\xampp\htdocs\my-crud\system\Model.php(241): CodeIgniter\Database\BaseBuilder->get()
#5 C:\xampp\htdocs\my-crud\system\BaseModel.php(618): CodeIgniter\Model->doFindAll(0, 0)
#6 C:\xampp\htdocs\my-crud\app\Models\BookModel.php(23): CodeIgniter\BaseModel->findAll()
#7 C:\xampp\htdocs\my-crud\app\Controllers\Book.php(27): App\Models\BookModel->getBook()
#8 C:\xampp\htdocs\my-crud\system\CodeIgniter.php(934): App\Controllers\Book->getBook()
#9 C:\xampp\htdocs\my-crud\system\CodeIgniter.php(499): CodeIgniter\CodeIgniter->runController(Object(App\Controllers\Book))
#10 C:\xampp\htdocs\my-crud\system\CodeIgniter.php(368): CodeIgniter\CodeIgniter->handleRequest(NULL, Object(Config\Cache), false)
#11 C:\xampp\htdocs\my-crud\public\index.php(67): CodeIgniter\CodeIgniter->run()
#12 C:\xampp\htdocs\my-crud\system\Commands\Server\rewrite.php(47): require_once('C:\\xampp\\htdocs...')
#13 {main}

Next CodeIgniter\Database\Exceptions\DatabaseException: php_network_getaddresses: getaddrinfo failed: No such host is known.  in C:\xampp\htdocs\my-crud\system\Database\MySQLi\Connection.php:218
Stack trace:
#0 C:\xampp\htdocs\my-crud\system\Database\BaseConnection.php(391): CodeIgniter\Database\MySQLi\Connection->connect(false)
#1 C:\xampp\htdocs\my-crud\system\Database\BaseConnection.php(573): CodeIgniter\Database\BaseConnection->initialize()
#2 C:\xampp\htdocs\my-crud\system\Database\BaseBuilder.php(1616): CodeIgniter\Database\BaseConnection->query('SELECT *\nFROM `...', Array, false)
#3 C:\xampp\htdocs\my-crud\system\Model.php(241): CodeIgniter\Database\BaseBuilder->get()
#4 C:\xampp\htdocs\my-crud\system\BaseModel.php(618): CodeIgniter\Model->doFindAll(0, 0)
#5 C:\xampp\htdocs\my-crud\app\Models\BookModel.php(23): CodeIgniter\BaseModel->findAll()
#6 C:\xampp\htdocs\my-crud\app\Controllers\Book.php(27): App\Models\BookModel->getBook()
#7 C:\xampp\htdocs\my-crud\system\CodeIgniter.php(934): App\Controllers\Book->getBook()
#8 C:\xampp\htdocs\my-crud\system\CodeIgniter.php(499): CodeIgniter\CodeIgniter->runController(Object(App\Controllers\Book))
#9 C:\xampp\htdocs\my-crud\system\CodeIgniter.php(368): CodeIgniter\CodeIgniter->handleRequest(NULL, Object(Config\Cache), false)
#10 C:\xampp\htdocs\my-crud\public\index.php(67): CodeIgniter\CodeIgniter->run()
#11 C:\xampp\htdocs\my-crud\system\Commands\Server\rewrite.php(47): require_once('C:\\xampp\\htdocs...')
#12 {main}
CRITICAL - 2023-06-08 13:58:21 --> Unable to connect to the database.
Main connection [MySQLi]: php_network_getaddresses: getaddrinfo failed: No such host is known. 
in SYSTEMPATH\Database\BaseConnection.php on line 427.
 1 SYSTEMPATH\Database\BaseConnection.php(573): CodeIgniter\Database\BaseConnection->initialize()
 2 SYSTEMPATH\Database\BaseBuilder.php(1616): CodeIgniter\Database\BaseConnection->query('SELECT *
FROM `book`', [], false)
 3 SYSTEMPATH\Model.php(241): CodeIgniter\Database\BaseBuilder->get()
 4 SYSTEMPATH\BaseModel.php(618): CodeIgniter\Model->doFindAll(0, 0)
 5 APPPATH\Models\BookModel.php(23): CodeIgniter\BaseModel->findAll()
 6 APPPATH\Controllers\Book.php(27): App\Models\BookModel->getBook()
 7 SYSTEMPATH\CodeIgniter.php(934): App\Controllers\Book->getBook()
 8 SYSTEMPATH\CodeIgniter.php(499): CodeIgniter\CodeIgniter->runController(Object(App\Controllers\Book))
 9 SYSTEMPATH\CodeIgniter.php(368): CodeIgniter\CodeIgniter->handleRequest(null, Object(Config\Cache), false)
10 FCPATH\index.php(67): CodeIgniter\CodeIgniter->run()
11 SYSTEMPATH\Commands\Server\rewrite.php(47): require_once('C:\\xampp\\htdocs\\my-crud\\public\\index.php')
